<?xml version="1.0" encoding="UTF-8"?>
<omf>
  <resource>
    <creator>
	Jim Evins (evins@snaught.com)
    </creator>
    <title>
      GBonds
    </title>
    <date>12-23-2003</date>
    <subject category="GNOME|Applications|Accessories"/>
    <description>
	User manual for the GBonds savings bond inventory program.
    </description>
    <type>
      user's guide
    </type>
    <format mime="text/xml" dtd="-//OASIS//DTD DocBook XML V4.1.2//EN"/>
    <identifier url="file:/usr/share/gnome/help/gbonds/C/gbonds.xml"/>
    <language code="C"/>
  </resource>
</omf>
